2022-12-20 10:45:09 +0000  Initial pipeline context: <IDEDistributionProcessingPipelineContext: 0x4d7b79750; archive(resolved)="<IDEArchive: 0x600083775140>", distributionTask(resolved)="2", distributionDestination(resolved)="1", distributionMethod(resolved)="<IDEDistributionMethodDevelopmentSigned: 0x60002d065ce0>", team(resolved)="<IDEProvisioningDisambiguatableBasicTeam: 0x600014d27d80; teamID='7NWMGZHA9X', teamName='Tooliqa Inc', teamType='Company', username='quill@tooli.qa', isFreeProvisioningTeam='0'>">
	Chain (14, self inclusive):
	<IDEDistributionProcessingPipelineContext: 0x4d7b79750; archive = "<IDEArchive: 0x600083775140>", distributionMethod="<IDEDistributionMethodDevelopmentSigned: 0x60002d065ce0>", team="<IDEProvisioningDisambiguatableBasicTeam: 0x600014d27d80; teamID='7NWMGZHA9X', teamName='Tooliqa Inc', teamType='Company', username='quill@tooli.qa', isFreeProvisioningTeam='0'>">
	<IDEDistributionProcessingPipelineContext: 0x4cb22ded0; archive = "<IDEArchive: 0x600083775140>", distributionMethod="<IDEDistributionMethodDevelopmentSigned: 0x60002d065ce0>", team="<IDEProvisioningDisambiguatableBasicTeam: 0x600014d27d80; teamID='7NWMGZHA9X', teamName='Tooliqa Inc', teamType='Company', username='quill@tooli.qa', isFreeProvisioningTeam='0'>">
	<IDEDistributionContext: 0x4cd7abf00; archive = "<IDEArchive: 0x600083775140>", distributionMethod="<IDEDistributionMethodDevelopmentSigned: 0x60002d065ce0>", team="<IDEProvisioningDisambiguatableBasicTeam: 0x600014d27d80; teamID='7NWMGZHA9X', teamName='Tooliqa Inc', teamType='Company', username='quill@tooli.qa', isFreeProvisioningTeam='0'>">
	<IDEDistributionContext: 0x4cd2d2ca0; archive = "<IDEArchive: 0x600083775140>", distributionMethod="<IDEDistributionMethodDevelopmentSigned: 0x60002d065ce0>", team="<IDEProvisioningDisambiguatableBasicTeam: 0x600014d27d80; teamID='7NWMGZHA9X', teamName='Tooliqa Inc', teamType='Company', username='quill@tooli.qa', isFreeProvisioningTeam='0'>">
	<IDEDistributionContext: 0x4cd322c00; archive = "<IDEArchive: 0x600083775140>", distributionMethod="<IDEDistributionMethodDevelopmentSigned: 0x60002d065ce0>", team="<IDEProvisioningDisambiguatableBasicTeam: 0x600014d27d80; teamID='7NWMGZHA9X', teamName='Tooliqa Inc', teamType='Company', username='quill@tooli.qa', isFreeProvisioningTeam='0'>">
	<IDEDistributionContext: 0x4cd2d3250; archive = "<IDEArchive: 0x600083775140>", distributionMethod="<IDEDistributionMethodDevelopmentSigned: 0x60002d065ce0>", team="<IDEProvisioningDisambiguatableBasicTeam: 0x600014d27d80; teamID='7NWMGZHA9X', teamName='Tooliqa Inc', teamType='Company', username='quill@tooli.qa', isFreeProvisioningTeam='0'>">
	<IDEDistributionContext: 0x4d9ff8e10; archive = "<IDEArchive: 0x600083775140>", distributionMethod="<IDEDistributionMethodDevelopmentSigned: 0x60002d065ce0>", team="<IDEProvisioningDisambiguatableBasicTeam: 0x600014d27d80; teamID='7NWMGZHA9X', teamName='Tooliqa Inc', teamType='Company', username='quill@tooli.qa', isFreeProvisioningTeam='0'>">
	<IDEDistributionContext: 0x4cd2e5c40; archive = "<IDEArchive: 0x600083775140>", distributionMethod="<IDEDistributionMethodDevelopmentSigned: 0x60002d065ce0>", team="<IDEProvisioningDisambiguatableBasicTeam: 0x600014d27d80; teamID='7NWMGZHA9X', teamName='Tooliqa Inc', teamType='Company', username='quill@tooli.qa', isFreeProvisioningTeam='0'>">
	<IDEDistributionContext: 0x4cb2a4310; archive = "<IDEArchive: 0x600083775140>", distributionMethod="<IDEDistributionMethodDevelopmentSigned: 0x60002d065ce0>", team="<IDEProvisioningDisambiguatableBasicTeam: 0x600014d27d80; teamID='7NWMGZHA9X', teamName='Tooliqa Inc', teamType='Company', username='quill@tooli.qa', isFreeProvisioningTeam='0'>">
	<IDEDistributionContext: 0x4cb252550; archive = "<IDEArchive: 0x600083775140>", distributionMethod="<IDEDistributionMethodDevelopmentSigned: 0x60002d065ce0>", team="(null)">
	<IDEDistributionContext: 0x4cd2f0840; archive = "<IDEArchive: 0x600083775140>", distributionMethod="<IDEDistributionMethodDevelopmentSigned: 0x60002d065ce0>", team="(null)">
	<IDEDistributionContext: 0x4cb63d0b0; archive = "<IDEArchive: 0x600083775140>", distributionMethod="<IDEDistributionMethodDevelopmentSigned: 0x60002d065ce0>", team="(null)">
	<IDEDistributionContext: 0x4d7bd7190; archive = "<IDEArchive: 0x600083775140>", distributionMethod="<IDEDistributionMethodDevelopmentSigned: 0x60002d065ce0>", team="(null)">
	<IDEDistributionContext: 0x2fb16d940; archive = "<IDEArchive: 0x600083775140>", distributionMethod="(null)", team="(null)">
</IDEDistributionProcessingPipelineContext: 0x4d7b79750>
2022-12-20 10:45:09 +0000  Processing step: IDEDistributionCreateDestRootStep
2022-12-20 10:45:09 +0000  Processing step: IDEDistributionCopyItemStep
2022-12-20 10:45:09 +0000  Running /usr/bin/ditto '-V' '/Users/karansehgal/Library/Developer/Xcode/Archives/2022-12-20/RTABMapApp 20-12-2022, 2.31 PM.xcarchive/Products/Applications/RTABMapApp.app' '/var/folders/kg/4sdj68dn2fx8hd16knpddxwm0000gn/T/XcodeDistPipeline.~~~WVOnA1/Root/Payload/RTABMapApp.app'
2022-12-20 10:45:09 +0000  >>> Copying /Users/karansehgal/Library/Developer/Xcode/Archives/2022-12-20/RTABMapApp 20-12-2022, 2.31 PM.xcarchive/Products/Applications/RTABMapApp.app 
2022-12-20 10:45:09 +0000  copying file ./_CodeSignature/CodeResources ... 
2022-12-20 10:45:09 +0000  15762 bytes for ./_CodeSignature/CodeResources
2022-12-20 10:45:09 +0000  copying file ./Twinn LOGO.png ... 
2022-12-20 10:45:09 +0000  9286 bytes for ./Twinn LOGO.png
copying file ./ProfilePlaceholder.png ... 
2022-12-20 10:45:09 +0000  14101 bytes for ./ProfilePlaceholder.png
copying file ./TWINN Logo 1.png ... 
2022-12-20 10:45:09 +0000  17047 bytes for ./TWINN Logo 1.png
2022-12-20 10:45:09 +0000  copying file ./BackButton.png ... 
2022-12-20 10:45:09 +0000  328 bytes for ./BackButton.png
2022-12-20 10:45:09 +0000  copying file ./Settings.bundle/en.lproj/Root.strings ... 
2022-12-20 10:45:09 +0000  546 bytes for ./Settings.bundle/en.lproj/Root.strings
2022-12-20 10:45:09 +0000  copying file ./Settings.bundle/License.plist ... 
2022-12-20 10:45:09 +0000  8738 bytes for ./Settings.bundle/License.plist
2022-12-20 10:45:09 +0000  copying file ./Settings.bundle/Assembling.plist ... 
2022-12-20 10:45:09 +0000  8964 bytes for ./Settings.bundle/Assembling.plist
2022-12-20 10:45:09 +0000  copying file ./Settings.bundle/Root.plist ... 
2022-12-20 10:45:09 +0000  12579 bytes for ./Settings.bundle/Root.plist
2022-12-20 10:45:09 +0000  copying file ./Settings.bundle/Mapping.plist ... 
2022-12-20 10:45:09 +0000  22403 bytes for ./Settings.bundle/Mapping.plist
2022-12-20 10:45:09 +0000  copying file ./AppIcon60x60@2x.png ... 
2022-12-20 10:45:09 +0000  1653 bytes for ./AppIcon60x60@2x.png
2022-12-20 10:45:09 +0000  copying file ./Vector.png ... 
2022-12-20 10:45:09 +0000  1117 bytes for ./Vector.png
2022-12-20 10:45:09 +0000  copying file ./ProjectsButtonImage.png ... 
2022-12-20 10:45:09 +0000  1234 bytes for ./ProjectsButtonImage.png
2022-12-20 10:45:09 +0000  copying file ./Firebase_FirebaseInAppMessaging_iOS.bundle/close-with-transparency@2x.png ... 
2022-12-20 10:45:09 +0000  837 bytes for ./Firebase_FirebaseInAppMessaging_iOS.bundle/close-with-transparency@2x.png
2022-12-20 10:45:09 +0000  copying file ./Firebase_FirebaseInAppMessaging_iOS.bundle/close-with-transparency.png ... 
2022-12-20 10:45:09 +0000  379 bytes for ./Firebase_FirebaseInAppMessaging_iOS.bundle/close-with-transparency.png
2022-12-20 10:45:09 +0000  copying file ./Firebase_FirebaseInAppMessaging_iOS.bundle/FIRInAppMessageDisplayStoryboard.storyboardc/oTF-1C-LZP-view-SM1-hn-m3n.nib ... 
2022-12-20 10:45:09 +0000  10856 bytes for ./Firebase_FirebaseInAppMessaging_iOS.bundle/FIRInAppMessageDisplayStoryboard.storyboardc/oTF-1C-LZP-view-SM1-hn-m3n.nib
2022-12-20 10:45:09 +0000  copying file ./Firebase_FirebaseInAppMessaging_iOS.bundle/FIRInAppMessageDisplayStoryboard.storyboardc/card-view-vc.nib ... 
2022-12-20 10:45:09 +0000  1012 bytes for ./Firebase_FirebaseInAppMessaging_iOS.bundle/FIRInAppMessageDisplayStoryboard.storyboardc/card-view-vc.nib
2022-12-20 10:45:09 +0000  copying file ./Firebase_FirebaseInAppMessaging_iOS.bundle/FIRInAppMessageDisplayStoryboard.storyboardc/banner-view-vc.nib ... 
2022-12-20 10:45:09 +0000  1016 bytes for ./Firebase_FirebaseInAppMessaging_iOS.bundle/FIRInAppMessageDisplayStoryboard.storyboardc/banner-view-vc.nib
2022-12-20 10:45:09 +0000  copying file ./Firebase_FirebaseInAppMessaging_iOS.bundle/FIRInAppMessageDisplayStoryboard.storyboardc/x01-lq-3r6-view-1pz-BP-O6T.nib ... 
2022-12-20 10:45:09 +0000  13268 bytes for ./Firebase_FirebaseInAppMessaging_iOS.bundle/FIRInAppMessageDisplayStoryboard.storyboardc/x01-lq-3r6-view-1pz-BP-O6T.nib
2022-12-20 10:45:09 +0000  copying file ./Firebase_FirebaseInAppMessaging_iOS.bundle/FIRInAppMessageDisplayStoryboard.storyboardc/lbb-HM-tHJ-view-vRb-yf-OWE.nib ... 
2022-12-20 10:45:09 +0000  4885 bytes for ./Firebase_FirebaseInAppMessaging_iOS.bundle/FIRInAppMessageDisplayStoryboard.storyboardc/lbb-HM-tHJ-view-vRb-yf-OWE.nib
2022-12-20 10:45:09 +0000  copying file ./Firebase_FirebaseInAppMessaging_iOS.bundle/FIRInAppMessageDisplayStoryboard.storyboardc/modal-view-vc.nib ... 
2022-12-20 10:45:09 +0000  1014 bytes for ./Firebase_FirebaseInAppMessaging_iOS.bundle/FIRInAppMessageDisplayStoryboard.storyboardc/modal-view-vc.nib
2022-12-20 10:45:09 +0000  copying file ./Firebase_FirebaseInAppMessaging_iOS.bundle/FIRInAppMessageDisplayStoryboard.storyboardc/lGH-bl-7Xw-view-ef6-R8-q1S.nib ... 
2022-12-20 10:45:09 +0000  3628 bytes for ./Firebase_FirebaseInAppMessaging_iOS.bundle/FIRInAppMessageDisplayStoryboard.storyboardc/lGH-bl-7Xw-view-ef6-R8-q1S.nib
2022-12-20 10:45:09 +0000  copying file ./Firebase_FirebaseInAppMessaging_iOS.bundle/FIRInAppMessageDisplayStoryboard.storyboardc/image-only-vc.nib ... 
2022-12-20 10:45:09 +0000  1018 bytes for ./Firebase_FirebaseInAppMessaging_iOS.bundle/FIRInAppMessageDisplayStoryboard.storyboardc/image-only-vc.nib
2022-12-20 10:45:09 +0000  copying file ./Firebase_FirebaseInAppMessaging_iOS.bundle/FIRInAppMessageDisplayStoryboard.storyboardc/Info.plist ... 
2022-12-20 10:45:09 +0000  243 bytes for ./Firebase_FirebaseInAppMessaging_iOS.bundle/FIRInAppMessageDisplayStoryboard.storyboardc/Info.plist
2022-12-20 10:45:09 +0000  copying file ./Firebase_FirebaseInAppMessaging_iOS.bundle/Info.plist ... 
2022-12-20 10:45:09 +0000  722 bytes for ./Firebase_FirebaseInAppMessaging_iOS.bundle/Info.plist
2022-12-20 10:45:09 +0000  copying file ./Lottie-loader.json ... 
2022-12-20 10:45:09 +0000  6302 bytes for ./Lottie-loader.json
2022-12-20 10:45:09 +0000  copying file ./LoginSuccessView.png ... 
2022-12-20 10:45:09 +0000  86841 bytes for ./LoginSuccessView.png
2022-12-20 10:45:09 +0000  copying file ./ExportButton.png ... 
2022-12-20 10:45:09 +0000  928 bytes for ./ExportButton.png
2022-12-20 10:45:09 +0000  copying file ./GoogleService-Info.plist ... 
2022-12-20 10:45:09 +0000  654 bytes for ./GoogleService-Info.plist
2022-12-20 10:45:09 +0000  copying file ./HelpIcon.png ... 
2022-12-20 10:45:09 +0000  1422 bytes for ./HelpIcon.png
2022-12-20 10:45:09 +0000  copying file ./CellOptionsButton.png ... 
2022-12-20 10:45:09 +0000  351 bytes for ./CellOptionsButton.png
2022-12-20 10:45:09 +0000  copying file ./Base.lproj/Main.storyboardc/UINavigationController-u54-w7-Om2.nib ... 
2022-12-20 10:45:09 +0000  1696 bytes for ./Base.lproj/Main.storyboardc/UINavigationController-u54-w7-Om2.nib
2022-12-20 10:45:09 +0000  copying file ./Base.lproj/Main.storyboardc/OPx-NH-VPA-view-QtH-Q8-EX6.nib ... 
2022-12-20 10:45:09 +0000  1197 bytes for ./Base.lproj/Main.storyboardc/OPx-NH-VPA-view-QtH-Q8-EX6.nib
copying file ./Base.lproj/Main.storyboardc/v3G-nW-gVc-view-hzM-1k-POo.nib ... 
2022-12-20 10:45:09 +0000  3263 bytes for ./Base.lproj/Main.storyboardc/v3G-nW-gVc-view-hzM-1k-POo.nib
2022-12-20 10:45:09 +0000  copying file ./Base.lproj/Main.storyboardc/zah-iI-EPt-view-sqF-4e-2HU.nib ... 
2022-12-20 10:45:09 +0000  11005 bytes for ./Base.lproj/Main.storyboardc/zah-iI-EPt-view-sqF-4e-2HU.nib
2022-12-20 10:45:09 +0000  copying file ./Base.lproj/Main.storyboardc/GLKitViewController.nib ... 
1286 bytes for ./Base.lproj/Main.storyboardc/GLKitViewController.nib
copying file ./Base.lproj/Main.storyboardc/unsupportedDeviceMessage.nib ... 
2022-12-20 10:45:09 +0000  955 bytes for ./Base.lproj/Main.storyboardc/unsupportedDeviceMessage.nib
2022-12-20 10:45:09 +0000  copying file ./Base.lproj/Main.storyboardc/Info.plist ... 
2022-12-20 10:45:09 +0000  395 bytes for ./Base.lproj/Main.storyboardc/Info.plist
2022-12-20 10:45:09 +0000  copying file ./Base.lproj/LaunchScreen.storyboardc/01J-lp-oVM-view-Ze5-6b-2t3.nib ... 
2022-12-20 10:45:09 +0000  2092 bytes for ./Base.lproj/LaunchScreen.storyboardc/01J-lp-oVM-view-Ze5-6b-2t3.nib
2022-12-20 10:45:09 +0000  copying file ./Base.lproj/LaunchScreen.storyboardc/UIViewController-01J-lp-oVM.nib ... 
2022-12-20 10:45:09 +0000  896 bytes for ./Base.lproj/LaunchScreen.storyboardc/UIViewController-01J-lp-oVM.nib
2022-12-20 10:45:09 +0000  copying file ./Base.lproj/LaunchScreen.storyboardc/Info.plist ... 
2022-12-20 10:45:09 +0000  258 bytes for ./Base.lproj/LaunchScreen.storyboardc/Info.plist
2022-12-20 10:45:09 +0000  copying file ./SampleScan.png ... 
2022-12-20 10:45:09 +0000  62060 bytes for ./SampleScan.png
2022-12-20 10:45:09 +0000  copying file ./ProjectsButtonImage1.png ... 
2022-12-20 10:45:09 +0000  857 bytes for ./ProjectsButtonImage1.png
2022-12-20 10:45:09 +0000  copying file ./ProjectsButtonImage2.png ... 
2022-12-20 10:45:09 +0000  581 bytes for ./ProjectsButtonImage2.png
2022-12-20 10:45:09 +0000  copying file ./Assets.car ... 
2022-12-20 10:45:09 +0000  81407 bytes for ./Assets.car
2022-12-20 10:45:09 +0000  copying file ./AppIcon76x76@2x~ipad.png ... 
2022-12-20 10:45:09 +0000  2050 bytes for ./AppIcon76x76@2x~ipad.png
2022-12-20 10:45:09 +0000  copying file ./LoginOptionsImage.png ... 
2022-12-20 10:45:09 +0000  1737827 bytes for ./LoginOptionsImage.png
2022-12-20 10:45:09 +0000  copying file ./Frameworks/libswift_Concurrency.dylib ... 
2022-12-20 10:45:09 +0000  513376 bytes for ./Frameworks/libswift_Concurrency.dylib
2022-12-20 10:45:09 +0000  copying file ./RTABMapApp ... 
2022-12-20 10:45:09 +0000  30931856 bytes for ./RTABMapApp
2022-12-20 10:45:09 +0000  copying file ./embedded.mobileprovision ... 
19337 bytes for ./embedded.mobileprovision
copying file ./ProjectSmapleImage.png ... 
2022-12-20 10:45:09 +0000  8070 bytes for ./ProjectSmapleImage.png
copying file ./Info.plist ... 
2022-12-20 10:45:09 +0000  1892 bytes for ./Info.plist
2022-12-20 10:45:09 +0000  copying file ./PkgInfo ... 
2022-12-20 10:45:09 +0000  8 bytes for ./PkgInfo
2022-12-20 10:45:09 +0000  /usr/bin/ditto exited with 0
2022-12-20 10:45:09 +0000  Processing step: IDEDistributionEmbedProfileStep
2022-12-20 10:45:09 +0000  Skipping profile for item: <IDEDistributionItem: 0x6000977fd140; bundleID='com.apple.dt.runtime.swiftConcurrency', path='<DVTFilePath:0x600087f03380:'/Users/karansehgal/Library/Developer/Xcode/Archives/2022-12-20/RTABMapApp 20-12-2022, 2.31 PM.xcarchive/Products/Applications/RTABMapApp.app/Frameworks/libswift_Concurrency.dylib'>', codeSigningInfo='<_DVTCodeSigningInformation_Path: 0x60009b056d50; isSigned='1', isAdHocSigned='0', signingCertificate='<DVTSigningCertificate: 0x60003a465130; name='Apple Development: Dilip Singh (2LWP29S9A5)', hash='BA2E6CF887005942B10D5A2306CDAA8905C2F04D', serialNumber='697B4B82F8EFED3B781D230F06BA1F07', certificateKinds='(
    "1.2.840.113635.100.6.1.12",
    "1.2.840.113635.100.6.1.2"
), issueDate='2022-10-07 06:14:14 +0000''>', entitlements='(null)', teamID='7NWMGZHA9X', identifier='com.apple.dt.runtime.swiftConcurrency', executablePath='<DVTFilePath:0x600087f03380:'/Users/karansehgal/Library/Developer/Xcode/Archives/2022-12-20/RTABMapApp 20-12-2022, 2.31 PM.xcarchive/Products/Applications/RTABMapApp.app/Frameworks/libswift_Concurrency.dylib'>', hardenedRuntime='0'>'>
2022-12-20 10:45:09 +0000  Processing step: IDEDistributionInfoPlistStep
2022-12-20 10:45:09 +0000  Skipping step: IDEDistributionInfoPlistStep because it said so
2022-12-20 10:45:09 +0000  Skipping step: IDEDistributionInfoPlistStep because it said so
2022-12-20 10:45:09 +0000  Processing step: IDEDistributionAppThinningPlistStep
2022-12-20 10:45:09 +0000  Skipping step: IDEDistributionAppThinningPlistStep because it said so
2022-12-20 10:45:09 +0000  Processing step: IDEDistributionCompileBitcodeStep
2022-12-20 10:45:09 +0000  Skipping step: IDEDistributionCompileBitcodeStep because it said so
2022-12-20 10:45:09 +0000  Processing step: IDEDistributionCodeSlimmingStep
2022-12-20 10:45:09 +0000  Processing step: IDEDistributionCopyBCSymbolMapsStep
2022-12-20 10:45:09 +0000  Skipping step: IDEDistributionCopyBCSymbolMapsStep because it said so
2022-12-20 10:45:09 +0000  Skipping step: IDEDistributionCopyBCSymbolMapsStep because it said so
2022-12-20 10:45:09 +0000  Processing step: IDEDistributionSymbolsStep
2022-12-20 10:45:09 +0000  Skipping step: IDEDistributionSymbolsStep because it said so
2022-12-20 10:45:09 +0000  Skipping step: IDEDistributionSymbolsStep because it said so
2022-12-20 10:45:09 +0000  Processing step: IDEDistributionAppThinningStep
2022-12-20 10:45:09 +0000  Skipping step: IDEDistributionAppThinningStep because it said so
2022-12-20 10:45:09 +0000  Processing step: IDEDistributionArchThinningStep
2022-12-20 10:45:09 +0000  Running /Applications/Xcode-beta.app/Contents/Developer/Toolchains/XcodeDefault.xctoolchain/usr/bin/lipo '/var/folders/kg/4sdj68dn2fx8hd16knpddxwm0000gn/T/XcodeDistPipeline.~~~WVOnA1/Root/Payload/RTABMapApp.app/Frameworks/libswift_Concurrency.dylib' '-verify_arch' 'arm64e'
2022-12-20 10:45:09 +0000  /Applications/Xcode-beta.app/Contents/Developer/Toolchains/XcodeDefault.xctoolchain/usr/bin/lipo exited with 1
2022-12-20 10:45:09 +0000  Skipping architecture thinning for item "libswift_Concurrency.dylib" because arch "arm64e" wasn't found
2022-12-20 10:45:09 +0000  Running /Applications/Xcode-beta.app/Contents/Developer/Toolchains/XcodeDefault.xctoolchain/usr/bin/lipo '/var/folders/kg/4sdj68dn2fx8hd16knpddxwm0000gn/T/XcodeDistPipeline.~~~WVOnA1/Root/Payload/RTABMapApp.app/RTABMapApp' '-verify_arch' 'arm64e'
2022-12-20 10:45:09 +0000  /Applications/Xcode-beta.app/Contents/Developer/Toolchains/XcodeDefault.xctoolchain/usr/bin/lipo exited with 1
2022-12-20 10:45:09 +0000  Skipping architecture thinning for item "RTABMapApp" because arch "arm64e" wasn't found
2022-12-20 10:45:09 +0000  Processing step: IDEDistributionODRStep
2022-12-20 10:45:09 +0000  Processing step: IDEDistributionStripXattrsStep
2022-12-20 10:45:09 +0000  Skipping stripping extended attributes of item: <IDEDistributionItem: 0x6000977fd140; bundleID='com.apple.dt.runtime.swiftConcurrency', path='<DVTFilePath:0x600087f03380:'/Users/karansehgal/Library/Developer/Xcode/Archives/2022-12-20/RTABMapApp 20-12-2022, 2.31 PM.xcarchive/Products/Applications/RTABMapApp.app/Frameworks/libswift_Concurrency.dylib'>', codeSigningInfo='<_DVTCodeSigningInformation_Path: 0x60009b056d50; isSigned='1', isAdHocSigned='0', signingCertificate='<DVTSigningCertificate: 0x600022776f70; name='Apple Development: Dilip Singh (2LWP29S9A5)', hash='BA2E6CF887005942B10D5A2306CDAA8905C2F04D', serialNumber='697B4B82F8EFED3B781D230F06BA1F07', certificateKinds='(
    "1.2.840.113635.100.6.1.12",
    "1.2.840.113635.100.6.1.2"
), issueDate='2022-10-07 06:14:14 +0000''>', entitlements='(null)', teamID='7NWMGZHA9X', identifier='com.apple.dt.runtime.swiftConcurrency', executablePath='<DVTFilePath:0x600087f03380:'/Users/karansehgal/Library/Developer/Xcode/Archives/2022-12-20/RTABMapApp 20-12-2022, 2.31 PM.xcarchive/Products/Applications/RTABMapApp.app/Frameworks/libswift_Concurrency.dylib'>', hardenedRuntime='0'>'>
2022-12-20 10:45:09 +0000  Running /usr/bin/xattr '-crs' '/var/folders/kg/4sdj68dn2fx8hd16knpddxwm0000gn/T/XcodeDistPipeline.~~~WVOnA1/Root/Payload/RTABMapApp.app'
2022-12-20 10:45:09 +0000  /usr/bin/xattr exited with 0
2022-12-20 10:45:09 +0000  Processing step: IDEDistributionCodesignStep
2022-12-20 10:45:09 +0000  Entitlements for <IDEDistributionItem: 0x6000977fd140; bundleID='com.apple.dt.runtime.swiftConcurrency', path='<DVTFilePath:0x600087f03380:'/Users/karansehgal/Library/Developer/Xcode/Archives/2022-12-20/RTABMapApp 20-12-2022, 2.31 PM.xcarchive/Products/Applications/RTABMapApp.app/Frameworks/libswift_Concurrency.dylib'>', codeSigningInfo='<_DVTCodeSigningInformation_Path: 0x60009b056d50; isSigned='1', isAdHocSigned='0', signingCertificate='<DVTSigningCertificate: 0x6000364ef650; name='Apple Development: Dilip Singh (2LWP29S9A5)', hash='BA2E6CF887005942B10D5A2306CDAA8905C2F04D', serialNumber='697B4B82F8EFED3B781D230F06BA1F07', certificateKinds='(
    "1.2.840.113635.100.6.1.12",
    "1.2.840.113635.100.6.1.2"
), issueDate='2022-10-07 06:14:14 +0000''>', entitlements='(null)', teamID='7NWMGZHA9X', identifier='com.apple.dt.runtime.swiftConcurrency', executablePath='<DVTFilePath:0x600087f03380:'/Users/karansehgal/Library/Developer/Xcode/Archives/2022-12-20/RTABMapApp 20-12-2022, 2.31 PM.xcarchive/Products/Applications/RTABMapApp.app/Frameworks/libswift_Concurrency.dylib'>', hardenedRuntime='0'>'>: {
}
2022-12-20 10:45:09 +0000  Entitlements for <IDEDistributionItem: 0x6000977fd140; bundleID='com.apple.dt.runtime.swiftConcurrency', path='<DVTFilePath:0x600087f03380:'/Users/karansehgal/Library/Developer/Xcode/Archives/2022-12-20/RTABMapApp 20-12-2022, 2.31 PM.xcarchive/Products/Applications/RTABMapApp.app/Frameworks/libswift_Concurrency.dylib'>', codeSigningInfo='<_DVTCodeSigningInformation_Path: 0x60009b056d50; isSigned='1', isAdHocSigned='0', signingCertificate='<DVTSigningCertificate: 0x600022776940; name='Apple Development: Dilip Singh (2LWP29S9A5)', hash='BA2E6CF887005942B10D5A2306CDAA8905C2F04D', serialNumber='697B4B82F8EFED3B781D230F06BA1F07', certificateKinds='(
    "1.2.840.113635.100.6.1.12",
    "1.2.840.113635.100.6.1.2"
), issueDate='2022-10-07 06:14:14 +0000''>', entitlements='(null)', teamID='7NWMGZHA9X', identifier='com.apple.dt.runtime.swiftConcurrency', executablePath='<DVTFilePath:0x600087f03380:'/Users/karansehgal/Library/Developer/Xcode/Archives/2022-12-20/RTABMapApp 20-12-2022, 2.31 PM.xcarchive/Products/Applications/RTABMapApp.app/Frameworks/libswift_Concurrency.dylib'>', hardenedRuntime='0'>'> are: {
}
2022-12-20 10:45:09 +0000  Writing entitlements for <IDEDistributionItem: 0x6000977fd140; bundleID='com.apple.dt.runtime.swiftConcurrency', path='<DVTFilePath:0x600087f03380:'/Users/karansehgal/Library/Developer/Xcode/Archives/2022-12-20/RTABMapApp 20-12-2022, 2.31 PM.xcarchive/Products/Applications/RTABMapApp.app/Frameworks/libswift_Concurrency.dylib'>', codeSigningInfo='<_DVTCodeSigningInformation_Path: 0x60009b056d50; isSigned='1', isAdHocSigned='0', signingCertificate='<DVTSigningCertificate: 0x60003a465130; name='Apple Development: Dilip Singh (2LWP29S9A5)', hash='BA2E6CF887005942B10D5A2306CDAA8905C2F04D', serialNumber='697B4B82F8EFED3B781D230F06BA1F07', certificateKinds='(
    "1.2.840.113635.100.6.1.12",
    "1.2.840.113635.100.6.1.2"
), issueDate='2022-10-07 06:14:14 +0000''>', entitlements='(null)', teamID='7NWMGZHA9X', identifier='com.apple.dt.runtime.swiftConcurrency', executablePath='<DVTFilePath:0x600087f03380:'/Users/karansehgal/Library/Developer/Xcode/Archives/2022-12-20/RTABMapApp 20-12-2022, 2.31 PM.xcarchive/Products/Applications/RTABMapApp.app/Frameworks/libswift_Concurrency.dylib'>', hardenedRuntime='0'>'> to: /var/folders/kg/4sdj68dn2fx8hd16knpddxwm0000gn/T/XcodeDistPipeline.~~~WVOnA1/entitlements~~~NlSOsJ
2022-12-20 10:45:09 +0000  Running /usr/bin/codesign '-vvv' '--force' '--sign' 'BA2E6CF887005942B10D5A2306CDAA8905C2F04D' '--entitlements' '/var/folders/kg/4sdj68dn2fx8hd16knpddxwm0000gn/T/XcodeDistPipeline.~~~WVOnA1/entitlements~~~NlSOsJ' '--generate-entitlement-der' '--preserve-metadata=identifier,flags,runtime' '/var/folders/kg/4sdj68dn2fx8hd16knpddxwm0000gn/T/XcodeDistPipeline.~~~WVOnA1/Root/Payload/RTABMapApp.app/Frameworks/libswift_Concurrency.dylib'
2022-12-20 10:45:09 +0000  /var/folders/kg/4sdj68dn2fx8hd16knpddxwm0000gn/T/XcodeDistPipeline.~~~WVOnA1/Root/Payload/RTABMapApp.app/Frameworks/libswift_Concurrency.dylib: replacing existing signature
2022-12-20 10:45:09 +0000  /var/folders/kg/4sdj68dn2fx8hd16knpddxwm0000gn/T/XcodeDistPipeline.~~~WVOnA1/Root/Payload/RTABMapApp.app/Frameworks/libswift_Concurrency.dylib: signed Mach-O thin (arm64) [com.apple.dt.runtime.swiftConcurrency]
2022-12-20 10:45:09 +0000  /usr/bin/codesign exited with 0
2022-12-20 10:45:09 +0000  Entitlements for <IDEDistributionItem: 0x60009b75d2c0; bundleID='com.tooliqa.twinapp', path='<DVTFilePath:0x60008f84b330:'/Users/karansehgal/Library/Developer/Xcode/Archives/2022-12-20/RTABMapApp 20-12-2022, 2.31 PM.xcarchive/Products/Applications/RTABMapApp.app'>', codeSigningInfo='<_DVTCodeSigningInformation_Path: 0x60009b056f30; isSigned='1', isAdHocSigned='0', signingCertificate='<DVTSigningCertificate: 0x60003a465130; name='Apple Development: Dilip Singh (2LWP29S9A5)', hash='BA2E6CF887005942B10D5A2306CDAA8905C2F04D', serialNumber='697B4B82F8EFED3B781D230F06BA1F07', certificateKinds='(
    "1.2.840.113635.100.6.1.12",
    "1.2.840.113635.100.6.1.2"
), issueDate='2022-10-07 06:14:14 +0000''>', entitlements='{
    "application-identifier" = "7NWMGZHA9X.com.tooliqa.twinapp";
    "com.apple.developer.team-identifier" = 7NWMGZHA9X;
    "get-task-allow" = 1;
}', teamID='7NWMGZHA9X', identifier='com.tooliqa.twinapp', executablePath='<DVTFilePath:0x60008f84d880:'/Users/karansehgal/Library/Developer/Xcode/Archives/2022-12-20/RTABMapApp 20-12-2022, 2.31 PM.xcarchive/Products/Applications/RTABMapApp.app/RTABMapApp'>', hardenedRuntime='0'>'>: {
    "application-identifier" = "7NWMGZHA9X.com.tooliqa.twinapp";
    "com.apple.developer.team-identifier" = 7NWMGZHA9X;
    "get-task-allow" = 1;
}
2022-12-20 10:45:09 +0000  Entitlements for <IDEDistributionItem: 0x60009b75d2c0; bundleID='com.tooliqa.twinapp', path='<DVTFilePath:0x60008f84b330:'/Users/karansehgal/Library/Developer/Xcode/Archives/2022-12-20/RTABMapApp 20-12-2022, 2.31 PM.xcarchive/Products/Applications/RTABMapApp.app'>', codeSigningInfo='<_DVTCodeSigningInformation_Path: 0x60009b056f30; isSigned='1', isAdHocSigned='0', signingCertificate='<DVTSigningCertificate: 0x60003a462680; name='Apple Development: Dilip Singh (2LWP29S9A5)', hash='BA2E6CF887005942B10D5A2306CDAA8905C2F04D', serialNumber='697B4B82F8EFED3B781D230F06BA1F07', certificateKinds='(
    "1.2.840.113635.100.6.1.12",
    "1.2.840.113635.100.6.1.2"
), issueDate='2022-10-07 06:14:14 +0000''>', entitlements='{
    "application-identifier" = "7NWMGZHA9X.com.tooliqa.twinapp";
    "com.apple.developer.team-identifier" = 7NWMGZHA9X;
    "get-task-allow" = 1;
}', teamID='7NWMGZHA9X', identifier='com.tooliqa.twinapp', executablePath='<DVTFilePath:0x60008f84d880:'/Users/karansehgal/Library/Developer/Xcode/Archives/2022-12-20/RTABMapApp 20-12-2022, 2.31 PM.xcarchive/Products/Applications/RTABMapApp.app/RTABMapApp'>', hardenedRuntime='0'>'> are: {
    "application-identifier" = "7NWMGZHA9X.com.tooliqa.twinapp";
    "com.apple.developer.team-identifier" = 7NWMGZHA9X;
    "get-task-allow" = 1;
}
2022-12-20 10:45:09 +0000  Writing entitlements for <IDEDistributionItem: 0x60009b75d2c0; bundleID='com.tooliqa.twinapp', path='<DVTFilePath:0x60008f84b330:'/Users/karansehgal/Library/Developer/Xcode/Archives/2022-12-20/RTABMapApp 20-12-2022, 2.31 PM.xcarchive/Products/Applications/RTABMapApp.app'>', codeSigningInfo='<_DVTCodeSigningInformation_Path: 0x60009b056f30; isSigned='1', isAdHocSigned='0', signingCertificate='<DVTSigningCertificate: 0x6000364ef650; name='Apple Development: Dilip Singh (2LWP29S9A5)', hash='BA2E6CF887005942B10D5A2306CDAA8905C2F04D', serialNumber='697B4B82F8EFED3B781D230F06BA1F07', certificateKinds='(
    "1.2.840.113635.100.6.1.12",
    "1.2.840.113635.100.6.1.2"
), issueDate='2022-10-07 06:14:14 +0000''>', entitlements='{
    "application-identifier" = "7NWMGZHA9X.com.tooliqa.twinapp";
    "com.apple.developer.team-identifier" = 7NWMGZHA9X;
    "get-task-allow" = 1;
}', teamID='7NWMGZHA9X', identifier='com.tooliqa.twinapp', executablePath='<DVTFilePath:0x60008f84d880:'/Users/karansehgal/Library/Developer/Xcode/Archives/2022-12-20/RTABMapApp 20-12-2022, 2.31 PM.xcarchive/Products/Applications/RTABMapApp.app/RTABMapApp'>', hardenedRuntime='0'>'> to: /var/folders/kg/4sdj68dn2fx8hd16knpddxwm0000gn/T/XcodeDistPipeline.~~~WVOnA1/entitlements~~~C1Wtzz
2022-12-20 10:45:09 +0000  Running /usr/bin/codesign '-vvv' '--force' '--sign' 'BA2E6CF887005942B10D5A2306CDAA8905C2F04D' '--entitlements' '/var/folders/kg/4sdj68dn2fx8hd16knpddxwm0000gn/T/XcodeDistPipeline.~~~WVOnA1/entitlements~~~C1Wtzz' '--generate-entitlement-der' '--preserve-metadata=identifier,flags,runtime' '/var/folders/kg/4sdj68dn2fx8hd16knpddxwm0000gn/T/XcodeDistPipeline.~~~WVOnA1/Root/Payload/RTABMapApp.app'
2022-12-20 10:45:09 +0000  /var/folders/kg/4sdj68dn2fx8hd16knpddxwm0000gn/T/XcodeDistPipeline.~~~WVOnA1/Root/Payload/RTABMapApp.app: replacing existing signature
2022-12-20 10:45:09 +0000  /var/folders/kg/4sdj68dn2fx8hd16knpddxwm0000gn/T/XcodeDistPipeline.~~~WVOnA1/Root/Payload/RTABMapApp.app: signed app bundle with Mach-O thin (arm64) [com.tooliqa.twinapp]
2022-12-20 10:45:09 +0000  /usr/bin/codesign exited with 0
2022-12-20 10:45:09 +0000  Processing step: IDEDistributionZipODRItemStep
2022-12-20 10:45:09 +0000  Skipping step: IDEDistributionZipODRItemStep because it said so
2022-12-20 10:45:09 +0000  Skipping step: IDEDistributionZipODRItemStep because it said so
2022-12-20 10:45:09 +0000  Processing step: IDEDistributionCreateIPAStep
2022-12-20 10:45:09 +0000  Running /usr/bin/ditto '-V' '-c' '-k' '--norsrc' '/var/folders/kg/4sdj68dn2fx8hd16knpddxwm0000gn/T/XcodeDistPipeline.~~~WVOnA1/Root' '/var/folders/kg/4sdj68dn2fx8hd16knpddxwm0000gn/T/XcodeDistPipeline.~~~WVOnA1/Packages/Twinn Scan.ipa'
2022-12-20 10:45:09 +0000  >>> Copying /var/folders/kg/4sdj68dn2fx8hd16knpddxwm0000gn/T/XcodeDistPipeline.~~~WVOnA1/Root 
2022-12-20 10:45:09 +0000  copying file ./Payload/RTABMapApp.app/_CodeSignature/CodeResources ... 
2022-12-20 10:45:09 +0000  15762 bytes for ./Payload/RTABMapApp.app/_CodeSignature/CodeResources
2022-12-20 10:45:09 +0000  copying file ./Payload/RTABMapApp.app/Twinn LOGO.png ... 
2022-12-20 10:45:09 +0000  9286 bytes for ./Payload/RTABMapApp.app/Twinn LOGO.png
2022-12-20 10:45:09 +0000  copying file ./Payload/RTABMapApp.app/ProfilePlaceholder.png ... 
2022-12-20 10:45:09 +0000  14101 bytes for ./Payload/RTABMapApp.app/ProfilePlaceholder.png
2022-12-20 10:45:09 +0000  copying file ./Payload/RTABMapApp.app/TWINN Logo 1.png ... 
2022-12-20 10:45:09 +0000  17047 bytes for ./Payload/RTABMapApp.app/TWINN Logo 1.png
copying file ./Payload/RTABMapApp.app/BackButton.png ... 
2022-12-20 10:45:09 +0000  328 bytes for ./Payload/RTABMapApp.app/BackButton.png
2022-12-20 10:45:09 +0000  copying file ./Payload/RTABMapApp.app/Settings.bundle/en.lproj/Root.strings ... 
2022-12-20 10:45:09 +0000  546 bytes for ./Payload/RTABMapApp.app/Settings.bundle/en.lproj/Root.strings
2022-12-20 10:45:09 +0000  copying file ./Payload/RTABMapApp.app/Settings.bundle/License.plist ... 
2022-12-20 10:45:09 +0000  8738 bytes for ./Payload/RTABMapApp.app/Settings.bundle/License.plist
2022-12-20 10:45:09 +0000  copying file ./Payload/RTABMapApp.app/Settings.bundle/Assembling.plist ... 
2022-12-20 10:45:09 +0000  8964 bytes for ./Payload/RTABMapApp.app/Settings.bundle/Assembling.plist
copying file ./Payload/RTABMapApp.app/Settings.bundle/Root.plist ... 
2022-12-20 10:45:09 +0000  12579 bytes for ./Payload/RTABMapApp.app/Settings.bundle/Root.plist
copying file ./Payload/RTABMapApp.app/Settings.bundle/Mapping.plist ... 
2022-12-20 10:45:09 +0000  22403 bytes for ./Payload/RTABMapApp.app/Settings.bundle/Mapping.plist
2022-12-20 10:45:09 +0000  copying file ./Payload/RTABMapApp.app/AppIcon60x60@2x.png ... 
2022-12-20 10:45:09 +0000  1653 bytes for ./Payload/RTABMapApp.app/AppIcon60x60@2x.png
2022-12-20 10:45:09 +0000  copying file ./Payload/RTABMapApp.app/Vector.png ... 
2022-12-20 10:45:09 +0000  1117 bytes for ./Payload/RTABMapApp.app/Vector.png
2022-12-20 10:45:09 +0000  copying file ./Payload/RTABMapApp.app/ProjectsButtonImage.png ... 
2022-12-20 10:45:09 +0000  1234 bytes for ./Payload/RTABMapApp.app/ProjectsButtonImage.png
2022-12-20 10:45:09 +0000  copying file ./Payload/RTABMapApp.app/Firebase_FirebaseInAppMessaging_iOS.bundle/close-with-transparency@2x.png ... 
2022-12-20 10:45:09 +0000  837 bytes for ./Payload/RTABMapApp.app/Firebase_FirebaseInAppMessaging_iOS.bundle/close-with-transparency@2x.png
copying file ./Payload/RTABMapApp.app/Firebase_FirebaseInAppMessaging_iOS.bundle/close-with-transparency.png ... 
2022-12-20 10:45:09 +0000  379 bytes for ./Payload/RTABMapApp.app/Firebase_FirebaseInAppMessaging_iOS.bundle/close-with-transparency.png
2022-12-20 10:45:09 +0000  copying file ./Payload/RTABMapApp.app/Firebase_FirebaseInAppMessaging_iOS.bundle/FIRInAppMessageDisplayStoryboard.storyboardc/oTF-1C-LZP-view-SM1-hn-m3n.nib ... 
2022-12-20 10:45:09 +0000  10856 bytes for ./Payload/RTABMapApp.app/Firebase_FirebaseInAppMessaging_iOS.bundle/FIRInAppMessageDisplayStoryboard.storyboardc/oTF-1C-LZP-view-SM1-hn-m3n.nib
2022-12-20 10:45:09 +0000  copying file ./Payload/RTABMapApp.app/Firebase_FirebaseInAppMessaging_iOS.bundle/FIRInAppMessageDisplayStoryboard.storyboardc/card-view-vc.nib ... 
2022-12-20 10:45:09 +0000  1012 bytes for ./Payload/RTABMapApp.app/Firebase_FirebaseInAppMessaging_iOS.bundle/FIRInAppMessageDisplayStoryboard.storyboardc/card-view-vc.nib
2022-12-20 10:45:09 +0000  copying file ./Payload/RTABMapApp.app/Firebase_FirebaseInAppMessaging_iOS.bundle/FIRInAppMessageDisplayStoryboard.storyboardc/banner-view-vc.nib ... 
2022-12-20 10:45:09 +0000  1016 bytes for ./Payload/RTABMapApp.app/Firebase_FirebaseInAppMessaging_iOS.bundle/FIRInAppMessageDisplayStoryboard.storyboardc/banner-view-vc.nib
copying file ./Payload/RTABMapApp.app/Firebase_FirebaseInAppMessaging_iOS.bundle/FIRInAppMessageDisplayStoryboard.storyboardc/x01-lq-3r6-view-1pz-BP-O6T.nib ... 
2022-12-20 10:45:09 +0000  13268 bytes for ./Payload/RTABMapApp.app/Firebase_FirebaseInAppMessaging_iOS.bundle/FIRInAppMessageDisplayStoryboard.storyboardc/x01-lq-3r6-view-1pz-BP-O6T.nib
copying file ./Payload/RTABMapApp.app/Firebase_FirebaseInAppMessaging_iOS.bundle/FIRInAppMessageDisplayStoryboard.storyboardc/lbb-HM-tHJ-view-vRb-yf-OWE.nib ... 
2022-12-20 10:45:09 +0000  4885 bytes for ./Payload/RTABMapApp.app/Firebase_FirebaseInAppMessaging_iOS.bundle/FIRInAppMessageDisplayStoryboard.storyboardc/lbb-HM-tHJ-view-vRb-yf-OWE.nib
copying file ./Payload/RTABMapApp.app/Firebase_FirebaseInAppMessaging_iOS.bundle/FIRInAppMessageDisplayStoryboard.storyboardc/modal-view-vc.nib ... 
2022-12-20 10:45:09 +0000  1014 bytes for ./Payload/RTABMapApp.app/Firebase_FirebaseInAppMessaging_iOS.bundle/FIRInAppMessageDisplayStoryboard.storyboardc/modal-view-vc.nib
copying file ./Payload/RTABMapApp.app/Firebase_FirebaseInAppMessaging_iOS.bundle/FIRInAppMessageDisplayStoryboard.storyboardc/lGH-bl-7Xw-view-ef6-R8-q1S.nib ... 
2022-12-20 10:45:09 +0000  3628 bytes for ./Payload/RTABMapApp.app/Firebase_FirebaseInAppMessaging_iOS.bundle/FIRInAppMessageDisplayStoryboard.storyboardc/lGH-bl-7Xw-view-ef6-R8-q1S.nib
2022-12-20 10:45:09 +0000  copying file ./Payload/RTABMapApp.app/Firebase_FirebaseInAppMessaging_iOS.bundle/FIRInAppMessageDisplayStoryboard.storyboardc/image-only-vc.nib ... 
1018 bytes for ./Payload/RTABMapApp.app/Firebase_FirebaseInAppMessaging_iOS.bundle/FIRInAppMessageDisplayStoryboard.storyboardc/image-only-vc.nib
2022-12-20 10:45:09 +0000  copying file ./Payload/RTABMapApp.app/Firebase_FirebaseInAppMessaging_iOS.bundle/FIRInAppMessageDisplayStoryboard.storyboardc/Info.plist ... 
2022-12-20 10:45:09 +0000  243 bytes for ./Payload/RTABMapApp.app/Firebase_FirebaseInAppMessaging_iOS.bundle/FIRInAppMessageDisplayStoryboard.storyboardc/Info.plist
copying file ./Payload/RTABMapApp.app/Firebase_FirebaseInAppMessaging_iOS.bundle/Info.plist ... 
2022-12-20 10:45:09 +0000  722 bytes for ./Payload/RTABMapApp.app/Firebase_FirebaseInAppMessaging_iOS.bundle/Info.plist
copying file ./Payload/RTABMapApp.app/Lottie-loader.json ... 
2022-12-20 10:45:09 +0000  6302 bytes for ./Payload/RTABMapApp.app/Lottie-loader.json
2022-12-20 10:45:09 +0000  copying file ./Payload/RTABMapApp.app/LoginSuccessView.png ... 
2022-12-20 10:45:09 +0000  86841 bytes for ./Payload/RTABMapApp.app/LoginSuccessView.png
copying file ./Payload/RTABMapApp.app/ExportButton.png ... 
2022-12-20 10:45:09 +0000  928 bytes for ./Payload/RTABMapApp.app/ExportButton.png
copying file ./Payload/RTABMapApp.app/GoogleService-Info.plist ... 
654 bytes for ./Payload/RTABMapApp.app/GoogleService-Info.plist
2022-12-20 10:45:09 +0000  copying file ./Payload/RTABMapApp.app/HelpIcon.png ... 
2022-12-20 10:45:09 +0000  1422 bytes for ./Payload/RTABMapApp.app/HelpIcon.png
copying file ./Payload/RTABMapApp.app/CellOptionsButton.png ... 
2022-12-20 10:45:09 +0000  351 bytes for ./Payload/RTABMapApp.app/CellOptionsButton.png
2022-12-20 10:45:09 +0000  copying file ./Payload/RTABMapApp.app/Base.lproj/Main.storyboardc/UINavigationController-u54-w7-Om2.nib ... 
2022-12-20 10:45:09 +0000  1696 bytes for ./Payload/RTABMapApp.app/Base.lproj/Main.storyboardc/UINavigationController-u54-w7-Om2.nib
copying file ./Payload/RTABMapApp.app/Base.lproj/Main.storyboardc/OPx-NH-VPA-view-QtH-Q8-EX6.nib ... 
2022-12-20 10:45:09 +0000  1197 bytes for ./Payload/RTABMapApp.app/Base.lproj/Main.storyboardc/OPx-NH-VPA-view-QtH-Q8-EX6.nib
copying file ./Payload/RTABMapApp.app/Base.lproj/Main.storyboardc/v3G-nW-gVc-view-hzM-1k-POo.nib ... 
2022-12-20 10:45:09 +0000  3263 bytes for ./Payload/RTABMapApp.app/Base.lproj/Main.storyboardc/v3G-nW-gVc-view-hzM-1k-POo.nib
copying file ./Payload/RTABMapApp.app/Base.lproj/Main.storyboardc/zah-iI-EPt-view-sqF-4e-2HU.nib ... 
2022-12-20 10:45:09 +0000  11005 bytes for ./Payload/RTABMapApp.app/Base.lproj/Main.storyboardc/zah-iI-EPt-view-sqF-4e-2HU.nib
2022-12-20 10:45:09 +0000  copying file ./Payload/RTABMapApp.app/Base.lproj/Main.storyboardc/GLKitViewController.nib ... 
2022-12-20 10:45:09 +0000  1286 bytes for ./Payload/RTABMapApp.app/Base.lproj/Main.storyboardc/GLKitViewController.nib
copying file ./Payload/RTABMapApp.app/Base.lproj/Main.storyboardc/unsupportedDeviceMessage.nib ... 
2022-12-20 10:45:09 +0000  955 bytes for ./Payload/RTABMapApp.app/Base.lproj/Main.storyboardc/unsupportedDeviceMessage.nib
copying file ./Payload/RTABMapApp.app/Base.lproj/Main.storyboardc/Info.plist ... 
2022-12-20 10:45:09 +0000  395 bytes for ./Payload/RTABMapApp.app/Base.lproj/Main.storyboardc/Info.plist
2022-12-20 10:45:09 +0000  copying file ./Payload/RTABMapApp.app/Base.lproj/LaunchScreen.storyboardc/01J-lp-oVM-view-Ze5-6b-2t3.nib ... 
2022-12-20 10:45:09 +0000  2092 bytes for ./Payload/RTABMapApp.app/Base.lproj/LaunchScreen.storyboardc/01J-lp-oVM-view-Ze5-6b-2t3.nib
copying file ./Payload/RTABMapApp.app/Base.lproj/LaunchScreen.storyboardc/UIViewController-01J-lp-oVM.nib ... 
2022-12-20 10:45:09 +0000  896 bytes for ./Payload/RTABMapApp.app/Base.lproj/LaunchScreen.storyboardc/UIViewController-01J-lp-oVM.nib
2022-12-20 10:45:09 +0000  copying file ./Payload/RTABMapApp.app/Base.lproj/LaunchScreen.storyboardc/Info.plist ... 
2022-12-20 10:45:09 +0000  258 bytes for ./Payload/RTABMapApp.app/Base.lproj/LaunchScreen.storyboardc/Info.plist
2022-12-20 10:45:09 +0000  copying file ./Payload/RTABMapApp.app/SampleScan.png ... 
2022-12-20 10:45:09 +0000  62060 bytes for ./Payload/RTABMapApp.app/SampleScan.png
2022-12-20 10:45:09 +0000  copying file ./Payload/RTABMapApp.app/ProjectsButtonImage1.png ... 
2022-12-20 10:45:09 +0000  857 bytes for ./Payload/RTABMapApp.app/ProjectsButtonImage1.png
copying file ./Payload/RTABMapApp.app/ProjectsButtonImage2.png ... 
2022-12-20 10:45:09 +0000  581 bytes for ./Payload/RTABMapApp.app/ProjectsButtonImage2.png
copying file ./Payload/RTABMapApp.app/Assets.car ... 
2022-12-20 10:45:09 +0000  81407 bytes for ./Payload/RTABMapApp.app/Assets.car
copying file ./Payload/RTABMapApp.app/AppIcon76x76@2x~ipad.png ... 
2022-12-20 10:45:09 +0000  2050 bytes for ./Payload/RTABMapApp.app/AppIcon76x76@2x~ipad.png
2022-12-20 10:45:09 +0000  copying file ./Payload/RTABMapApp.app/LoginOptionsImage.png ... 
2022-12-20 10:45:09 +0000  1737827 bytes for ./Payload/RTABMapApp.app/LoginOptionsImage.png
2022-12-20 10:45:09 +0000  copying file ./Payload/RTABMapApp.app/Frameworks/libswift_Concurrency.dylib ... 
2022-12-20 10:45:09 +0000  513728 bytes for ./Payload/RTABMapApp.app/Frameworks/libswift_Concurrency.dylib
2022-12-20 10:45:09 +0000  copying file ./Payload/RTABMapApp.app/RTABMapApp ... 
2022-12-20 10:45:10 +0000  30931856 bytes for ./Payload/RTABMapApp.app/RTABMapApp
2022-12-20 10:45:10 +0000  copying file ./Payload/RTABMapApp.app/embedded.mobileprovision ... 
2022-12-20 10:45:10 +0000  19337 bytes for ./Payload/RTABMapApp.app/embedded.mobileprovision
2022-12-20 10:45:10 +0000  copying file ./Payload/RTABMapApp.app/ProjectSmapleImage.png ... 
2022-12-20 10:45:10 +0000  8070 bytes for ./Payload/RTABMapApp.app/ProjectSmapleImage.png
2022-12-20 10:45:10 +0000  copying file ./Payload/RTABMapApp.app/Info.plist ... 
2022-12-20 10:45:10 +0000  1892 bytes for ./Payload/RTABMapApp.app/Info.plist
2022-12-20 10:45:10 +0000  copying file ./Payload/RTABMapApp.app/PkgInfo ... 
2022-12-20 10:45:10 +0000  8 bytes for ./Payload/RTABMapApp.app/PkgInfo
2022-12-20 10:45:10 +0000  /usr/bin/ditto exited with 0
2022-12-20 10:45:10 +0000  Processing step: IDEDistributionAppStoreInformationStep
2022-12-20 10:45:10 +0000  Skipping step: IDEDistributionAppStoreInformationStep because it said so
2022-12-20 10:45:10 +0000  Processing step: IDEDistributionGenerateProcessedDistributionItems
2022-12-20 10:45:10 +0000  IDEDistributionItem init <DVTFilePath:0x600047c80e80:'/var/folders/kg/4sdj68dn2fx8hd16knpddxwm0000gn/T/XcodeDistPipeline.~~~WVOnA1/Root/Payload/RTABMapApp.app/Frameworks/libswift_Concurrency.dylib'>
2022-12-20 10:45:10 +0000  [OPTIONAL] Can't have a profile, not a bundle at <DVTFilePath:0x600047c80e80:'/var/folders/kg/4sdj68dn2fx8hd16knpddxwm0000gn/T/XcodeDistPipeline.~~~WVOnA1/Root/Payload/RTABMapApp.app/Frameworks/libswift_Concurrency.dylib'>
2022-12-20 10:45:10 +0000  IDEDistributionItem init <DVTFilePath:0x60008f862ca0:'/var/folders/kg/4sdj68dn2fx8hd16knpddxwm0000gn/T/XcodeDistPipeline.~~~WVOnA1/Root/Payload/RTABMapApp.app'>
2022-12-20 10:45:10 +0000  Processing step: IDEDistributionCreateManifestStep
